Microsoft (R) Macro Assembler Version 14.12.25834.0	    03/25/18 22:18:21
AddTwo.asm						     Page 1 - 1


				; AddTwo.asm - adds two 32-bit integers.
				; Chapter 3 example

				.386
				.model flat,stdcall
				.stack 4096
				ExitProcess proto,dwExitCode:dword
 00000000			.data
 00000000 00000000		testArray DWORD 0h,4h,5h,5h,7h,8h,11h,15h
	   00000004
	   00000005
	   00000005
	   00000007
	   00000008
	   00000011
	   00000015
 00000000			.code
 00000000			main proc
 00000000  BE 00000000 R		mov esi,OFFSET testArray
 00000005  B8 00000000			mov eax,0
 0000000A  BB 00000000			mov ebx,0
 0000000F  B9 00000008			mov ecx,LENGTHOF testArray
 00000014  BA 00000000			mov edx,0
 00000019				L1:
 00000019  8B 06				mov eax,[esi]
 0000001B  83 C6 04				add esi,4
 0000001E  8B 1E				mov ebx,[esi]
 00000020  2B D8				sub ebx,eax
 00000022  03 D3				add edx,ebx
 00000024  E2 F3				loop L1
					invoke ExitProcess,0
 00000026  6A 00	   *	    push   +000000000h
 00000028  E8 00000000 E   *	    call   ExitProcess
 0000002D			main endp
				end main
Microsoft (R) Macro Assembler Version 14.12.25834.0	    03/25/18 22:18:21
AddTwo.asm						     Symbols 2 - 1




Segments and Groups:

                N a m e                 Size     Length   Align   Combine Class

FLAT . . . . . . . . . . . . . .	GROUP
STACK  . . . . . . . . . . . . .	32 Bit	 00001000 DWord	  Stack	  'STACK'	 
_DATA  . . . . . . . . . . . . .	32 Bit	 00000020 DWord	  Public  'DATA'	
_TEXT  . . . . . . . . . . . . .	32 Bit	 0000002D DWord	  Public  'CODE'	


Procedures, parameters, and locals:

                N a m e                 Type     Value    Attr

ExitProcess  . . . . . . . . . .	P Near	 00000000 FLAT	Length= 00000000 External STDCALL
main . . . . . . . . . . . . . .	P Near	 00000000 _TEXT	Length= 0000002D Public STDCALL
  L1 . . . . . . . . . . . . . .	L Near	 00000019 _TEXT	


Symbols:

                N a m e                 Type     Value    Attr

@CodeSize  . . . . . . . . . . .	Number	 00000000h   
@DataSize  . . . . . . . . . . .	Number	 00000000h   
@Interface . . . . . . . . . . .	Number	 00000003h   
@Model . . . . . . . . . . . . .	Number	 00000007h   
@code  . . . . . . . . . . . . .	Text   	 _TEXT
@data  . . . . . . . . . . . . .	Text   	 FLAT
@fardata?  . . . . . . . . . . .	Text   	 FLAT
@fardata . . . . . . . . . . . .	Text   	 FLAT
@stack . . . . . . . . . . . . .	Text   	 FLAT
testArray  . . . . . . . . . . .	DWord	 00000000 _DATA	

	   0 Warnings
	   0 Errors
